<?xml version="1.0" encoding="UTF-8"?>
<testsuite xmlns:xsi="http://www.w3.org/2001/XMLSchema-instance" xsi:noNamespaceSchemaLocation="https://maven.apache.org/surefire/maven-surefire-plugin/xsd/surefire-test-report-3.0.xsd" version="3.0" name="net.lliira.dnd5e.common.util.DiceTest" time="0.063" tests="6" errors="0" skipped="0" failures="0">
  <properties>
    <property name="sun.desktop" value="windows"/>
    <property name="awt.toolkit" value="sun.awt.windows.WToolkit"/>
    <property name="java.specification.version" value="12"/>
    <property name="sun.cpu.isalist" value="amd64"/>
    <property name="sun.jnu.encoding" value="Cp1252"/>
    <property name="java.class.path" value="D:\Dev\code\dnd5e\common\target\test-classes;D:\Dev\code\dnd5e\common\target\classes;C:\Users\jerric\.m2\repository\junit\junit\4.12\junit-4.12.jar;C:\Users\jerric\.m2\repository\org\hamcrest\hamcrest-core\1.3\hamcrest-core-1.3.jar;"/>
    <property name="java.vm.vendor" value="Oracle Corporation"/>
    <property name="sun.arch.data.model" value="64"/>
    <property name="user.variant" value=""/>
    <property name="java.vendor.url" value="https://java.oracle.com/"/>
    <property name="user.timezone" value="America/Denver"/>
    <property name="os.name" value="Windows 10"/>
    <property name="java.vm.specification.version" value="12"/>
    <property name="sun.java.launcher" value="SUN_STANDARD"/>
    <property name="user.country" value="US"/>
    <property name="sun.boot.library.path" value="C:\Program Files\Java\jdk-12.0.1\bin"/>
    <property name="sun.java.command" value="C:\Users\jerric\AppData\Local\Temp\surefire9742354476683719002\surefirebooter9017928454851828767.jar C:\Users\jerric\AppData\Local\Temp\surefire9742354476683719002 2019-11-25T08-04-43_163-jvmRun1 surefire1159144416929362131tmp surefire_017185712668483986806tmp"/>
    <property name="jdk.debug" value="release"/>
    <property name="surefire.test.class.path" value="D:\Dev\code\dnd5e\common\target\test-classes;D:\Dev\code\dnd5e\common\target\classes;C:\Users\jerric\.m2\repository\junit\junit\4.12\junit-4.12.jar;C:\Users\jerric\.m2\repository\org\hamcrest\hamcrest-core\1.3\hamcrest-core-1.3.jar;"/>
    <property name="sun.cpu.endian" value="little"/>
    <property name="user.home" value="C:\Users\jerric"/>
    <property name="user.language" value="en"/>
    <property name="java.specification.vendor" value="Oracle Corporation"/>
    <property name="java.version.date" value="2019-04-16"/>
    <property name="java.home" value="C:\Program Files\Java\jdk-12.0.1"/>
    <property name="file.separator" value="\"/>
    <property name="basedir" value="D:\Dev\code\dnd5e\common"/>
    <property name="java.vm.compressedOopsMode" value="Zero based"/>
    <property name="line.separator" value="&#10;"/>
    <property name="java.vm.specification.vendor" value="Oracle Corporation"/>
    <property name="java.specification.name" value="Java Platform API Specification"/>
    <property name="java.awt.graphicsenv" value="sun.awt.Win32GraphicsEnvironment"/>
    <property name="surefire.real.class.path" value="C:\Users\jerric\AppData\Local\Temp\surefire9742354476683719002\surefirebooter9017928454851828767.jar"/>
    <property name="user.script" value=""/>
    <property name="sun.management.compiler" value="HotSpot 64-Bit Tiered Compilers"/>
    <property name="java.runtime.version" value="12.0.1+12"/>
    <property name="user.name" value="jerric"/>
    <property name="path.separator" value=";"/>
    <property name="os.version" value="10.0"/>
    <property name="java.runtime.name" value="Java(TM) SE Runtime Environment"/>
    <property name="file.encoding" value="Cp1252"/>
    <property name="java.vm.name" value="Java HotSpot(TM) 64-Bit Server VM"/>
    <property name="localRepository" value="C:\Users\jerric\.m2\repository"/>
    <property name="java.vendor.url.bug" value="https://bugreport.java.com/bugreport/"/>
    <property name="java.io.tmpdir" value="C:\Users\jerric\AppData\Local\Temp\"/>
    <property name="java.version" value="12.0.1"/>
    <property name="user.dir" value="D:\Dev\code\dnd5e\common"/>
    <property name="os.arch" value="amd64"/>
    <property name="java.vm.specification.name" value="Java Virtual Machine Specification"/>
    <property name="sun.os.patch.level" value=""/>
    <property name="java.library.path" value="C:\Program Files\Java\jdk-12.0.1\bin;C:\Windows\Sun\Java\bin;C:\Windows\system32;C:\Windows;C:\Windows\system32;C:\Windows;C:\Windows\System32\Wbem;C:\Windows\System32\WindowsPowerShell\v1.0\;C:\Users\Administrator\AppData\Local\Microsoft\WindowsApps;C:\python_27_amd64\files\lib\site-packages\pywin32_system32;C:\python_27_amd64\files;C:\ProgramData\GooGet;C:\gnubby\bin;C:\Windows\ccmsetup;C:\Program Files (x86)\Bit9\Parity Agent;C:\Program Files\gWindows-Updater;C:\Windows\System32\WindowsPowerShell\v1.0;C:\Windows\CCM\;C:\Program Files (x86)\Corp SSH Helper;C:\ProgramData\Diagnose_me;C:\Program Files\Google\GMC Deprecation Notifier;C:\Program Files\Google\gNetStatus;C:\Program Files (x86)\Google\gWindowsInformation;C:\Program Files\IcepickClient;C:\Program Files\Calibre2\;C:\Program Files (x86)\Common Files\Adobe\AGL;C:\Program Files\Git\cmd;C:\Program Files\OpenVPN\Bin\;C:\Program Files\nodejs\;C:\Program Files\Google\st_tools;C:\Program Files\Puppet Labs\Puppet\bin;C:\Program Files (x86)\Google\Cloud SDK\google-cloud-sdk\bin;C:\Users\jerric\AppData\Local\Microsoft\WindowsApps;C:\Users\jerric\AppData\Local\Google\Cloud SDK\google-cloud-sdk\bin;C:\Users\jerric\AppData\Roaming\npm;D:\Dev\tools\apache-maven\apache-maven-3.6.2\bin;."/>
    <property name="java.vm.info" value="mixed mode, sharing"/>
    <property name="java.vendor" value="Oracle Corporation"/>
    <property name="java.vm.version" value="12.0.1+12"/>
    <property name="sun.io.unicode.encoding" value="UnicodeLittle"/>
    <property name="java.class.version" value="56.0"/>
  </properties>
  <testcase name="testCombination" classname="net.lliira.dnd5e.common.util.DiceTest" time="0.012"/>
  <testcase name="testCount" classname="net.lliira.dnd5e.common.util.DiceTest" time="0"/>
  <testcase name="testSides" classname="net.lliira.dnd5e.common.util.DiceTest" time="0"/>
  <testcase name="testModifier" classname="net.lliira.dnd5e.common.util.DiceTest" time="0"/>
  <testcase name="testInvalidCount" classname="net.lliira.dnd5e.common.util.DiceTest" time="0"/>
  <testcase name="testInvalidSides" classname="net.lliira.dnd5e.common.util.DiceTest" time="0"/>
</testsuite>